<?xml version="1.0" encoding="UTF-8"?>
<TestRun id="96f51a92-110d-49d3-890d-5af52e036082" name="Lenovo@DESKTOP-OMTOADV 2021-05-05 17:51:42" runUser="DESKTOP-OMTOADV\Lenovo" xmlns="http://microsoft.com/schemas/VisualStudio/TeamTest/2010">
  <TestSettings name="Local" id="a8776c9b-56d1-4d32-b435-69cf70903b58">
    <Description>These are default test settings for a local test run.</Description>
    <Deployment enabled="false" runDeploymentRoot="Lenovo_DESKTOP-OMTOADV 2021-05-05 17_51_42" />
    <Execution>
      <TestTypeSpecific />
      <AgentRule name="Execution Agents">
      </AgentRule>
    </Execution>
  </TestSettings>
  <Times creation="2021-05-05T17:51:42.3543972+05:30" queuing="2021-05-05T17:51:43.3486204+05:30" start="2021-05-05T17:51:43.6050023+05:30" finish="2021-05-05T17:52:22.8525218+05:30" />
  <ResultSummary outcome="Failed">
    <Counters total="1" executed="1" error="0" failed="1" timeout="0" aborted="0" inconclusive="0" passedButRunAborted="0" notRunnable="0" notExecuted="0" disconnected="0" warning="0" passed="0" completed="0" inProgress="0" pending="0" />
  </ResultSummary>
  <TestDefinitions>
    <UnitTest name="ShowStatTests" storage="c:\users\lenovo\documents\visual studio 2010\projects\gradebook\unittestproject\bin\debug\unittestproject.dll" id="b3a0b746-245a-98a5-a8c4-f94f84776ae3">
      <Execution id="75fe5703-af42-4b04-8b75-6e965da12a26" />
      <TestMethod codeBase="C:/Users/Lenovo/Documents/Visual Studio 2010/Projects/GradeBook/UnitTestProject/bin/Debug/UnitTestProject.DLL" adapterTypeName="Microsoft.VisualStudio.TestTools.TestTypes.Unit.UnitTestAdapter, Microsoft.VisualStudio.QualityTools.Tips.UnitTest.Adapter, Version=10.0.0.0, Culture=neutral, PublicKeyToken=b03f5f7f11d50a3a" className="UnitTestProject.BooksTests, UnitTestProject, Version=1.0.0.0, Culture=neutral, PublicKeyToken=null" name="ShowStatTests" />
    </UnitTest>
  </TestDefinitions>
  <TestLists>
    <TestList name="Results Not in a List" id="8c84fa94-04c1-424b-9868-57a2d4851a1d" />
    <TestList name="All Loaded Results" id="19431567-8539-422a-85d7-44ee4e166bda" />
  </TestLists>
  <TestEntries>
    <TestEntry testId="b3a0b746-245a-98a5-a8c4-f94f84776ae3" executionId="75fe5703-af42-4b04-8b75-6e965da12a26" testListId="8c84fa94-04c1-424b-9868-57a2d4851a1d" />
  </TestEntries>
  <Results>
    <UnitTestResult executionId="75fe5703-af42-4b04-8b75-6e965da12a26" testId="b3a0b746-245a-98a5-a8c4-f94f84776ae3" testName="ShowStatTests" computerName="DESKTOP-OMTOADV" duration="00:00:00.0651541" startTime="2021-05-05T17:51:43.6411160+05:30" endTime="2021-05-05T17:51:44.6567907+05:30" testType="13cdc9d9-ddb5-4fa4-a97d-d965ccfc6d4b" outcome="Failed" testListId="8c84fa94-04c1-424b-9868-57a2d4851a1d" relativeResultsDirectory="75fe5703-af42-4b04-8b75-6e965da12a26">
      <Output>
        <ErrorInfo>
          <Message>Assert.Fail failed. Assert.Equals should not be used for Assertions. Please use Assert.AreEqual &amp; overloads instead.</Message>
          <StackTrace>   at UnitTestProject.BooksTests.ShowStatTests() in C:\Users\Lenovo\Documents\Visual Studio 2010\Projects\GradeBook\UnitTestProject\UnitTest1.cs:line 20
</StackTrace>
        </ErrorInfo>
      </Output>
    </UnitTestResult>
  </Results>
</TestRun>