<?xml version="1.0" encoding="UTF-8"?>
<TestRun id="80d74ab5-c78c-48da-ad45-6e2c58af1c04" name="Lenovo@DESKTOP-OMTOADV 2021-05-06 09:52:50" runUser="DESKTOP-OMTOADV\Lenovo" xmlns="http://microsoft.com/schemas/VisualStudio/TeamTest/2010">
  <TestSettings name="Local" id="a8776c9b-56d1-4d32-b435-69cf70903b58">
    <Description>These are default test settings for a local test run.</Description>
    <Deployment enabled="false" runDeploymentRoot="Lenovo_DESKTOP-OMTOADV 2021-05-06 09_52_50" />
    <Execution>
      <TestTypeSpecific />
      <AgentRule name="Execution Agents">
      </AgentRule>
    </Execution>
  </TestSettings>
  <Times creation="2021-05-06T09:52:50.7966160+05:30" queuing="2021-05-06T09:53:10.2130584+05:30" start="2021-05-06T09:53:10.6259052+05:30" finish="2021-05-06T10:14:54.1158624+05:30" />
  <ResultSummary outcome="Error">
    <Counters total="1" executed="1" error="0" failed="0" timeout="0" aborted="1" inconclusive="0" passedButRunAborted="0" notRunnable="0" notExecuted="0" disconnected="0" warning="0" passed="0" completed="0" inProgress="0" pending="0" />
    <RunInfos>
      <RunInfo computerName="DESKTOP-OMTOADV" outcome="Error" timestamp="2021-05-06T10:14:53.7388443+05:30">
        <Text>Test host process exited unexpectedly.</Text>
      </RunInfo>
    </RunInfos>
  </ResultSummary>
  <TestDefinitions>
    <UnitTest name="ShowStatTests" storage="c:\users\lenovo\documents\visual studio 2010\projects\gradebook\unittestproject\bin\debug\unittestproject.dll" id="b3a0b746-245a-98a5-a8c4-f94f84776ae3">
      <Execution id="2e21bd32-c597-4e2e-b48c-45521c8f407b" />
      <TestMethod codeBase="C:/Users/Lenovo/Documents/Visual Studio 2010/Projects/GradeBook/UnitTestProject/bin/Debug/UnitTestProject.DLL" adapterTypeName="Microsoft.VisualStudio.TestTools.TestTypes.Unit.UnitTestAdapter, Microsoft.VisualStudio.QualityTools.Tips.UnitTest.Adapter, Version=10.0.0.0, Culture=neutral, PublicKeyToken=b03f5f7f11d50a3a" className="UnitTestProject.BooksTests, UnitTestProject, Version=1.0.0.0, Culture=neutral, PublicKeyToken=null" name="ShowStatTests" />
    </UnitTest>
  </TestDefinitions>
  <TestLists>
    <TestList name="Results Not in a List" id="8c84fa94-04c1-424b-9868-57a2d4851a1d" />
    <TestList name="All Loaded Results" id="19431567-8539-422a-85d7-44ee4e166bda" />
  </TestLists>
  <TestEntries>
    <TestEntry testId="b3a0b746-245a-98a5-a8c4-f94f84776ae3" executionId="2e21bd32-c597-4e2e-b48c-45521c8f407b" testListId="8c84fa94-04c1-424b-9868-57a2d4851a1d" />
  </TestEntries>
  <Results>
    <UnitTestResult executionId="2e21bd32-c597-4e2e-b48c-45521c8f407b" testId="b3a0b746-245a-98a5-a8c4-f94f84776ae3" testName="ShowStatTests" computerName="DESKTOP-OMTOADV" duration="00:21:42.7615050" startTime="2021-05-06T09:53:11.3543574+05:30" endTime="2021-05-06T10:14:54.1158624+05:30" testType="13cdc9d9-ddb5-4fa4-a97d-d965ccfc6d4b" outcome="Aborted" testListId="8c84fa94-04c1-424b-9868-57a2d4851a1d" relativeResultsDirectory="2e21bd32-c597-4e2e-b48c-45521c8f407b">
    </UnitTestResult>
  </Results>
</TestRun>