<?xml version="1.0" encoding="UTF-8"?>
<TestRun id="78409fa5-f3a0-4a7b-a6ba-690cb4eaaec1" name="Lenovo@DESKTOP-OMTOADV 2021-05-05 17:48:45" runUser="DESKTOP-OMTOADV\Lenovo" xmlns="http://microsoft.com/schemas/VisualStudio/TeamTest/2010">
  <TestSettings name="Local" id="a8776c9b-56d1-4d32-b435-69cf70903b58">
    <Description>These are default test settings for a local test run.</Description>
    <Deployment enabled="false" runDeploymentRoot="Lenovo_DESKTOP-OMTOADV 2021-05-05 17_48_45" />
    <Execution>
      <TestTypeSpecific />
      <AgentRule name="Execution Agents">
      </AgentRule>
    </Execution>
  </TestSettings>
  <Times creation="2021-05-05T17:48:45.8978122+05:30" queuing="2021-05-05T17:48:45.9871058+05:30" start="2021-05-05T17:48:45.8978122+05:30" finish="2021-05-05T17:48:56.7599431+05:30" />
  <ResultSummary outcome="Error">
    <Counters total="1" error="0" failed="0" timeout="0" aborted="0" inconclusive="0" passedButRunAborted="0" notRunnable="0" notExecuted="1" disconnected="0" warning="0" passed="0" completed="0" inProgress="0" pending="0" />
    <RunInfos>
      <RunInfo computerName="DESKTOP-OMTOADV" outcome="Error" timestamp="2021-05-05T17:48:56.7599431+05:30">
        <Text>Failed to queue test run 'Lenovo@DESKTOP-OMTOADV 2021-05-05 17:48:45': Test run 'Lenovo@DESKTOP-OMTOADV 2021-05-05 17:48:45' could not be executed. No agents are marked online to execute test run.</Text>
        <Exception>Microsoft.VisualStudio.TestTools.Exceptions.RigExecutionException: Test run 'Lenovo@DESKTOP-OMTOADV 2021-05-05 17:48:45' could not be executed. No agents are marked online to execute test run.
   at Microsoft.VisualStudio.TestTools.Controller.ControllerObject.QueueTestRun(TestRun testRun, FileCopyService fileCopyService, IControllerEvents eventHandler)
   at Microsoft.VisualStudio.TestTools.TestManagement.ControllerProxy.QueueTestRunWorker(Object state)</Exception>
      </RunInfo>
    </RunInfos>
  </ResultSummary>
  <TestDefinitions>
    <UnitTest name="ShowStatTests" storage="c:\users\lenovo\documents\visual studio 2010\projects\gradebook\unittestproject\bin\debug\unittestproject.dll" id="b3a0b746-245a-98a5-a8c4-f94f84776ae3">
      <TestMethod codeBase="C:/Users/Lenovo/Documents/Visual Studio 2010/Projects/GradeBook/UnitTestProject/bin/Debug/UnitTestProject.DLL" adapterTypeName="Microsoft.VisualStudio.TestTools.TestTypes.Unit.UnitTestAdapter, Microsoft.VisualStudio.QualityTools.Tips.UnitTest.Adapter, Version=10.0.0.0, Culture=neutral, PublicKeyToken=b03f5f7f11d50a3a" className="UnitTestProject.BooksTests, UnitTestProject, Version=1.0.0.0, Culture=neutral, PublicKeyToken=null" name="ShowStatTests" />
    </UnitTest>
  </TestDefinitions>
  <TestLists>
    <TestList name="Results Not in a List" id="8c84fa94-04c1-424b-9868-57a2d4851a1d" />
    <TestList name="All Loaded Results" id="19431567-8539-422a-85d7-44ee4e166bda" />
  </TestLists>
  <TestEntries>
    <TestEntry testId="b3a0b746-245a-98a5-a8c4-f94f84776ae3" executionId="fff04876-55e2-4adc-93b3-3a3e70dd927f" testListId="8c84fa94-04c1-424b-9868-57a2d4851a1d" />
  </TestEntries>
  <Results>
    <UnitTestResult executionId="fff04876-55e2-4adc-93b3-3a3e70dd927f" testId="b3a0b746-245a-98a5-a8c4-f94f84776ae3" testName="ShowStatTests" computerName="DESKTOP-OMTOADV" testType="13cdc9d9-ddb5-4fa4-a97d-d965ccfc6d4b" outcome="NotExecuted" testListId="8c84fa94-04c1-424b-9868-57a2d4851a1d" relativeResultsDirectory="fff04876-55e2-4adc-93b3-3a3e70dd927f">
    </UnitTestResult>
  </Results>
</TestRun>